<?xml version="1.0" encoding="UTF-8"?>
<!-- Generated by org.testng.reporters.JUnitReportReporter -->
<testsuite hostname="DESKTOP-FIRCU7O" failures="0" tests="4" name="WebSocketChatApplicationTest" time="20.400" errors="0" timestamp="8 Sep 2019 18:22:06 GMT">
  <testcase classname="WebSocketChatApplicationTest" name="chat" time="5.527"/>
  <testcase classname="WebSocketChatApplicationTest" name="userJoin" time="4.085"/>
  <testcase classname="WebSocketChatApplicationTest" name="userLeave" time="5.086"/>
  <testcase classname="WebSocketChatApplicationTest" name="testLogin" time="5.702"/>
</testsuite> <!-- WebSocketChatApplicationTest -->
